
                            < M A T L A B (R) >
                  Copyright 1984-2024 The MathWorks, Inc.
             R2024b Update 3 (24.2.0.2806996) 64-bit (glnxa64)
                             November 26, 2024

 
To get started, type doc.
For product information, visit www.mathworks.com.
 
DEBUG, Loss = 92.774775
DEBUG, # of branches with NaN tuning: 0.
Elapsed time is 65.352994 seconds.
DEBUG, Loss = 92.584350
DEBUG, # of branches with NaN tuning: 0.
Elapsed time is 57.268445 seconds.
DEBUG, Loss = 92.315406
DEBUG, # of branches with NaN tuning: 0.
Elapsed time is 56.194667 seconds.
DEBUG, Loss = 90.515786
DEBUG, # of branches with NaN tuning: 0.
Elapsed time is 56.876748 seconds.
DEBUG, Loss = 92.403320
DEBUG, # of branches with NaN tuning: 0.
Elapsed time is 55.674514 seconds.
DEBUG, Loss = 93.430372
DEBUG, # of branches with NaN tuning: 0.
Elapsed time is 55.975180 seconds.
DEBUG, Loss = 91.170520
DEBUG, # of branches with NaN tuning: 0.
Elapsed time is 55.995834 seconds.
DEBUG, Loss = 92.855082
DEBUG, # of branches with NaN tuning: 0.
Elapsed time is 55.645039 seconds.
DEBUG, Loss = 92.858305
DEBUG, # of branches with NaN tuning: 0.
Elapsed time is 55.572590 seconds.
DEBUG, Loss = 93.468618
DEBUG, # of branches with NaN tuning: 0.
Elapsed time is 55.782865 seconds.
DEBUG, Loss = 91.829517
DEBUG, # of branches with NaN tuning: 0.
Elapsed time is 55.112179 seconds.
DEBUG, Loss = 92.608155
DEBUG, # of branches with NaN tuning: 0.
Elapsed time is 54.209166 seconds.
DEBUG, Loss = 93.706104
DEBUG, # of branches with NaN tuning: 0.
Elapsed time is 54.137355 seconds.
DEBUG, Loss = 91.850273
DEBUG, # of branches with NaN tuning: 0.
Elapsed time is 54.350127 seconds.
DEBUG, Loss = 92.200652
DEBUG, # of branches with NaN tuning: 0.
Elapsed time is 54.332643 seconds.
DEBUG, Loss = 92.076580
DEBUG, # of branches with NaN tuning: 0.
Elapsed time is 55.476687 seconds.
DEBUG, Loss = 91.918234
DEBUG, # of branches with NaN tuning: 0.
Elapsed time is 55.770086 seconds.
DEBUG, Loss = 92.291757
DEBUG, # of branches with NaN tuning: 0.
Elapsed time is 55.905701 seconds.
DEBUG, Loss = 91.239052
DEBUG, # of branches with NaN tuning: 0.
Elapsed time is 55.686874 seconds.
DEBUG, Loss = 91.593955
DEBUG, # of branches with NaN tuning: 0.
Elapsed time is 55.810424 seconds.
DEBUG, Loss = 93.277430
DEBUG, # of branches with NaN tuning: 0.
Elapsed time is 56.051752 seconds.
DEBUG, Loss = 92.861431
DEBUG, # of branches with NaN tuning: 0.
Elapsed time is 56.108249 seconds.
DEBUG, Loss = 91.813589
DEBUG, # of branches with NaN tuning: 0.
Elapsed time is 56.085956 seconds.
DEBUG, Loss = 92.242607
DEBUG, # of branches with NaN tuning: 0.
Elapsed time is 56.178427 seconds.
DEBUG, Loss = 92.352268
DEBUG, # of branches with NaN tuning: 0.
Elapsed time is 56.032330 seconds.
DEBUG, Loss = 92.133121
DEBUG, # of branches with NaN tuning: 0.
Elapsed time is 56.145175 seconds.
DEBUG, Loss = 92.081403
DEBUG, # of branches with NaN tuning: 0.
Elapsed time is 56.195494 seconds.
DEBUG, Loss = 91.535094
DEBUG, # of branches with NaN tuning: 0.
Elapsed time is 56.550351 seconds.
DEBUG, Loss = 92.145792
DEBUG, # of branches with NaN tuning: 0.
Elapsed time is 56.165837 seconds.
DEBUG, Loss = 93.330746
DEBUG, # of branches with NaN tuning: 0.
Elapsed time is 56.363668 seconds.
DEBUG, Loss = 92.401782
DEBUG, # of branches with NaN tuning: 0.
Elapsed time is 56.243263 seconds.
DEBUG, Loss = 94.510195
DEBUG, # of branches with NaN tuning: 0.
Elapsed time is 56.392668 seconds.
DEBUG, Loss = 91.914782
DEBUG, # of branches with NaN tuning: 0.
Elapsed time is 56.266629 seconds.
DEBUG, Loss = 92.068526
DEBUG, # of branches with NaN tuning: 0.
Elapsed time is 56.087718 seconds.
DEBUG, Loss = 92.212638
DEBUG, # of branches with NaN tuning: 0.
Elapsed time is 56.010276 seconds.
DEBUG, Loss = 91.584976
DEBUG, # of branches with NaN tuning: 0.
Elapsed time is 55.881797 seconds.
DEBUG, Loss = 92.084833
DEBUG, # of branches with NaN tuning: 0.
Elapsed time is 56.199959 seconds.
DEBUG, Loss = 93.545030
DEBUG, # of branches with NaN tuning: 0.
Elapsed time is 56.809512 seconds.
DEBUG, Loss = 91.151435
DEBUG, # of branches with NaN tuning: 0.
Elapsed time is 58.644712 seconds.
DEBUG, Loss = 91.857735
DEBUG, # of branches with NaN tuning: 0.
Elapsed time is 56.653108 seconds.
DEBUG, Loss = 92.261926
DEBUG, # of branches with NaN tuning: 0.
Elapsed time is 58.222192 seconds.
DEBUG, Loss = 92.970258
DEBUG, # of branches with NaN tuning: 0.
Elapsed time is 56.380664 seconds.
DEBUG, Loss = 91.747665
DEBUG, # of branches with NaN tuning: 0.
Elapsed time is 56.248571 seconds.
DEBUG, Loss = 93.251109
DEBUG, # of branches with NaN tuning: 0.
Elapsed time is 56.652145 seconds.
DEBUG, Loss = 92.807321
DEBUG, # of branches with NaN tuning: 0.
Elapsed time is 56.235808 seconds.
DEBUG, Loss = 93.545568
DEBUG, # of branches with NaN tuning: 0.
Elapsed time is 58.096764 seconds.
DEBUG, Loss = 91.321977
DEBUG, # of branches with NaN tuning: 0.
Elapsed time is 56.295019 seconds.
DEBUG, Loss = 95.067482
DEBUG, # of branches with NaN tuning: 0.
Elapsed time is 56.477726 seconds.
DEBUG, Loss = 91.864701
DEBUG, # of branches with NaN tuning: 0.
Elapsed time is 56.206552 seconds.
DEBUG, Loss = 93.898179
DEBUG, # of branches with NaN tuning: 0.
Elapsed time is 56.525536 seconds.
DEBUG, Loss = 92.203469
DEBUG, # of branches with NaN tuning: 0.
Elapsed time is 56.278831 seconds.
DEBUG, Loss = 92.455904
DEBUG, # of branches with NaN tuning: 0.
Elapsed time is 56.468305 seconds.
DEBUG, Loss = 94.372144
DEBUG, # of branches with NaN tuning: 0.
Elapsed time is 56.620321 seconds.
DEBUG, Loss = 92.604592
DEBUG, # of branches with NaN tuning: 0.
Elapsed time is 56.501718 seconds.
DEBUG, Loss = 93.128846
DEBUG, # of branches with NaN tuning: 0.
Elapsed time is 56.356961 seconds.
DEBUG, Loss = 91.994439
DEBUG, # of branches with NaN tuning: 0.
Elapsed time is 56.721129 seconds.
DEBUG, Loss = 90.892727
DEBUG, # of branches with NaN tuning: 0.
Elapsed time is 56.182359 seconds.
DEBUG, Loss = 91.148983
DEBUG, # of branches with NaN tuning: 0.
Elapsed time is 56.346591 seconds.
DEBUG, Loss = 91.522360
DEBUG, # of branches with NaN tuning: 0.
Elapsed time is 56.258673 seconds.
DEBUG, Loss = 94.625863
DEBUG, # of branches with NaN tuning: 0.
Elapsed time is 56.347926 seconds.
DEBUG, Loss = 92.495626
DEBUG, # of branches with NaN tuning: 0.
Elapsed time is 56.454850 seconds.
DEBUG, Loss = 91.656939
DEBUG, # of branches with NaN tuning: 0.
Elapsed time is 56.701501 seconds.
DEBUG, Loss = 94.085679
DEBUG, # of branches with NaN tuning: 0.
Elapsed time is 56.256639 seconds.
DEBUG, Loss = 92.633345
DEBUG, # of branches with NaN tuning: 0.
Elapsed time is 56.539276 seconds.
DEBUG, Loss = 90.261860
DEBUG, # of branches with NaN tuning: 0.
Elapsed time is 56.478063 seconds.
DEBUG, Loss = 92.129719
DEBUG, # of branches with NaN tuning: 0.
Elapsed time is 56.560698 seconds.
DEBUG, Loss = 92.836187
DEBUG, # of branches with NaN tuning: 0.
Elapsed time is 56.490300 seconds.
DEBUG, Loss = 92.535597
DEBUG, # of branches with NaN tuning: 0.
Elapsed time is 56.521651 seconds.
DEBUG, Loss = 91.241686
DEBUG, # of branches with NaN tuning: 0.
Elapsed time is 55.861834 seconds.
DEBUG, Loss = 93.607238
DEBUG, # of branches with NaN tuning: 0.
Elapsed time is 56.388221 seconds.
DEBUG, Loss = 91.709413
DEBUG, # of branches with NaN tuning: 0.
Elapsed time is 56.459655 seconds.
DEBUG, Loss = 92.961958
DEBUG, # of branches with NaN tuning: 0.
Elapsed time is 56.619264 seconds.
DEBUG, Loss = 91.936228
DEBUG, # of branches with NaN tuning: 0.
Elapsed time is 56.556330 seconds.
DEBUG, Loss = 91.675775
DEBUG, # of branches with NaN tuning: 0.
Elapsed time is 56.760081 seconds.
DEBUG, Loss = 92.534608
DEBUG, # of branches with NaN tuning: 0.
Elapsed time is 56.495779 seconds.
DEBUG, Loss = 91.885227
DEBUG, # of branches with NaN tuning: 0.
Elapsed time is 56.538986 seconds.
DEBUG, Loss = 93.029863
DEBUG, # of branches with NaN tuning: 0.
Elapsed time is 56.589507 seconds.
DEBUG, Loss = 91.961809
DEBUG, # of branches with NaN tuning: 0.
Elapsed time is 57.043851 seconds.
DEBUG, Loss = 93.101131
DEBUG, # of branches with NaN tuning: 0.
Elapsed time is 56.999900 seconds.
DEBUG, Loss = 93.454143
DEBUG, # of branches with NaN tuning: 0.
Elapsed time is 56.726681 seconds.
DEBUG, Loss = 91.918586
DEBUG, # of branches with NaN tuning: 0.
Elapsed time is 56.485887 seconds.
DEBUG, Loss = 92.515440
DEBUG, # of branches with NaN tuning: 0.
Elapsed time is 56.603937 seconds.
DEBUG, Loss = 92.817643
DEBUG, # of branches with NaN tuning: 0.
Elapsed time is 56.518133 seconds.
DEBUG, Loss = 92.441170
DEBUG, # of branches with NaN tuning: 0.
Elapsed time is 56.511064 seconds.
DEBUG, Loss = 93.167571
DEBUG, # of branches with NaN tuning: 0.
Elapsed time is 56.408213 seconds.
DEBUG, Loss = 91.785774
DEBUG, # of branches with NaN tuning: 0.
Elapsed time is 56.550881 seconds.
DEBUG, Loss = 91.466408
DEBUG, # of branches with NaN tuning: 0.
Elapsed time is 56.417497 seconds.
DEBUG, Loss = 93.297594
DEBUG, # of branches with NaN tuning: 0.
Elapsed time is 56.460181 seconds.
DEBUG, Loss = 91.610531
DEBUG, # of branches with NaN tuning: 0.
Elapsed time is 56.503233 seconds.
DEBUG, Loss = 93.218599
DEBUG, # of branches with NaN tuning: 0.
Elapsed time is 56.512782 seconds.
DEBUG, Loss = 93.392559
DEBUG, # of branches with NaN tuning: 0.
Elapsed time is 56.395621 seconds.
DEBUG, Loss = 92.206027
DEBUG, # of branches with NaN tuning: 0.
Elapsed time is 56.537020 seconds.
DEBUG, Loss = 91.081667
DEBUG, # of branches with NaN tuning: 0.
Elapsed time is 56.245180 seconds.
DEBUG, Loss = 92.234918
DEBUG, # of branches with NaN tuning: 0.
Elapsed time is 56.424271 seconds.
DEBUG, Loss = 92.718864
DEBUG, # of branches with NaN tuning: 0.
Elapsed time is 56.319701 seconds.
DEBUG, Loss = 91.714229
DEBUG, # of branches with NaN tuning: 0.
Elapsed time is 56.407936 seconds.
DEBUG, Loss = 92.397928
DEBUG, # of branches with NaN tuning: 0.
Elapsed time is 56.194173 seconds.
DEBUG, Loss = 91.585384
DEBUG, # of branches with NaN tuning: 0.
Elapsed time is 56.289378 seconds.
DEBUG, Loss = 93.517449
DEBUG, # of branches with NaN tuning: 0.
Elapsed time is 55.775873 seconds.
DEBUG, Loss = 91.333499
DEBUG, # of branches with NaN tuning: 0.
Elapsed time is 56.486808 seconds.
DEBUG, Loss = 91.183631
DEBUG, # of branches with NaN tuning: 0.
Elapsed time is 56.149142 seconds.
DEBUG, Loss = 92.504773
DEBUG, # of branches with NaN tuning: 0.
Elapsed time is 56.176234 seconds.
DEBUG, Loss = 92.118006
DEBUG, # of branches with NaN tuning: 0.
Elapsed time is 56.254472 seconds.
DEBUG, Loss = 93.858593
DEBUG, # of branches with NaN tuning: 0.
Elapsed time is 56.083124 seconds.
DEBUG, Loss = 91.236031
DEBUG, # of branches with NaN tuning: 0.
Elapsed time is 55.928555 seconds.
DEBUG, Loss = 92.474525
DEBUG, # of branches with NaN tuning: 0.
Elapsed time is 56.035390 seconds.
DEBUG, Loss = 92.032848
DEBUG, # of branches with NaN tuning: 0.
Elapsed time is 55.752658 seconds.
DEBUG, Loss = 92.373252
DEBUG, # of branches with NaN tuning: 0.
Elapsed time is 55.959635 seconds.
DEBUG, Loss = 90.832686
DEBUG, # of branches with NaN tuning: 0.
Elapsed time is 55.685697 seconds.
DEBUG, Loss = 91.412219
DEBUG, # of branches with NaN tuning: 0.
Elapsed time is 55.272139 seconds.
DEBUG, Loss = 91.850507
DEBUG, # of branches with NaN tuning: 0.
Elapsed time is 55.195298 seconds.
DEBUG, Loss = 93.128231
DEBUG, # of branches with NaN tuning: 0.
Elapsed time is 55.146762 seconds.
DEBUG, Loss = 93.339972
DEBUG, # of branches with NaN tuning: 0.
Elapsed time is 54.933625 seconds.
DEBUG, Loss = 92.741075
DEBUG, # of branches with NaN tuning: 0.
Elapsed time is 54.903540 seconds.
DEBUG, Loss = 93.111674
DEBUG, # of branches with NaN tuning: 0.
Elapsed time is 54.775315 seconds.
DEBUG, Loss = 92.085849
DEBUG, # of branches with NaN tuning: 0.
Elapsed time is 54.274986 seconds.
DEBUG, Loss = 93.583513
DEBUG, # of branches with NaN tuning: 0.
Elapsed time is 54.335537 seconds.
DEBUG, Loss = 92.103755
DEBUG, # of branches with NaN tuning: 0.
Elapsed time is 54.332823 seconds.
DEBUG, Loss = 92.381270
DEBUG, # of branches with NaN tuning: 0.
Elapsed time is 54.298566 seconds.
DEBUG, Loss = 90.936656
DEBUG, # of branches with NaN tuning: 0.
Elapsed time is 54.320697 seconds.
DEBUG, Loss = 93.673678
DEBUG, # of branches with NaN tuning: 0.
Elapsed time is 54.509115 seconds.
DEBUG, Loss = 91.579790
DEBUG, # of branches with NaN tuning: 0.
Elapsed time is 54.231332 seconds.
DEBUG, Loss = 91.848043
DEBUG, # of branches with NaN tuning: 0.
Elapsed time is 54.248789 seconds.
DEBUG, Loss = 93.689474
DEBUG, # of branches with NaN tuning: 0.
Elapsed time is 54.112323 seconds.
DEBUG, Loss = 93.617232
DEBUG, # of branches with NaN tuning: 0.
Elapsed time is 54.372979 seconds.
DEBUG, Loss = 91.986929
DEBUG, # of branches with NaN tuning: 0.
Elapsed time is 54.640813 seconds.
DEBUG, Loss = 93.075521
DEBUG, # of branches with NaN tuning: 0.
Elapsed time is 54.268761 seconds.
DEBUG, Loss = 92.726150
DEBUG, # of branches with NaN tuning: 0.
Elapsed time is 54.379149 seconds.
DEBUG, Loss = 91.968871
DEBUG, # of branches with NaN tuning: 0.
Elapsed time is 54.272116 seconds.
DEBUG, Loss = 91.496147
DEBUG, # of branches with NaN tuning: 0.
Elapsed time is 54.122952 seconds.
DEBUG, Loss = 91.314827
DEBUG, # of branches with NaN tuning: 0.
Elapsed time is 54.253691 seconds.
DEBUG, Loss = 92.243923
DEBUG, # of branches with NaN tuning: 0.
Elapsed time is 54.381901 seconds.
DEBUG, Loss = 92.259387
DEBUG, # of branches with NaN tuning: 0.
Elapsed time is 54.010128 seconds.
DEBUG, Loss = 92.290960
DEBUG, # of branches with NaN tuning: 0.
Elapsed time is 54.497589 seconds.
DEBUG, Loss = 92.126562
DEBUG, # of branches with NaN tuning: 0.
Elapsed time is 54.272755 seconds.
DEBUG, Loss = 92.298421
DEBUG, # of branches with NaN tuning: 0.
Elapsed time is 54.341278 seconds.
DEBUG, Loss = 92.957821
DEBUG, # of branches with NaN tuning: 0.
Elapsed time is 54.394116 seconds.
DEBUG, Loss = 93.108924
DEBUG, # of branches with NaN tuning: 0.
Elapsed time is 54.254970 seconds.
DEBUG, Loss = 92.126062
DEBUG, # of branches with NaN tuning: 0.
Elapsed time is 53.984684 seconds.
DEBUG, Loss = 91.481053
DEBUG, # of branches with NaN tuning: 0.
Elapsed time is 54.264790 seconds.
DEBUG, Loss = 91.922098
DEBUG, # of branches with NaN tuning: 0.
Elapsed time is 54.248429 seconds.
DEBUG, Loss = 92.776320
DEBUG, # of branches with NaN tuning: 0.
Elapsed time is 54.484065 seconds.
DEBUG, Loss = 90.900903
DEBUG, # of branches with NaN tuning: 0.
Elapsed time is 54.326573 seconds.
DEBUG, Loss = 92.082241
DEBUG, # of branches with NaN tuning: 0.
Elapsed time is 54.283376 seconds.
DEBUG, Loss = 92.919600
DEBUG, # of branches with NaN tuning: 0.
Elapsed time is 54.651009 seconds.
DEBUG, Loss = 92.209926
DEBUG, # of branches with NaN tuning: 0.
Elapsed time is 54.564772 seconds.
DEBUG, Loss = 92.611355
DEBUG, # of branches with NaN tuning: 0.
Elapsed time is 54.984999 seconds.
DEBUG, Loss = 91.818961
DEBUG, # of branches with NaN tuning: 0.
Elapsed time is 55.058802 seconds.
DEBUG, Loss = 90.901978
DEBUG, # of branches with NaN tuning: 0.
Elapsed time is 54.417050 seconds.
DEBUG, Loss = 94.875506
DEBUG, # of branches with NaN tuning: 0.
Elapsed time is 54.977491 seconds.
DEBUG, Loss = 93.182087
DEBUG, # of branches with NaN tuning: 0.
Elapsed time is 54.667124 seconds.
DEBUG, Loss = 92.209316
DEBUG, # of branches with NaN tuning: 0.
Elapsed time is 54.851667 seconds.
DEBUG, Loss = 93.104856
DEBUG, # of branches with NaN tuning: 0.
Elapsed time is 54.555751 seconds.
DEBUG, Loss = 92.469145
DEBUG, # of branches with NaN tuning: 0.
Elapsed time is 55.001507 seconds.
DEBUG, Loss = 92.673158
DEBUG, # of branches with NaN tuning: 0.
Elapsed time is 54.795970 seconds.
DEBUG, Loss = 92.290560
DEBUG, # of branches with NaN tuning: 0.
Elapsed time is 56.785233 seconds.
DEBUG, Loss = 91.674145
DEBUG, # of branches with NaN tuning: 0.
Elapsed time is 56.395819 seconds.
DEBUG, Loss = 92.870755
DEBUG, # of branches with NaN tuning: 0.
Elapsed time is 58.869075 seconds.
DEBUG, Loss = 93.199785
DEBUG, # of branches with NaN tuning: 0.
Elapsed time is 60.567833 seconds.
DEBUG, Loss = 91.555759
DEBUG, # of branches with NaN tuning: 0.
Elapsed time is 60.615870 seconds.
DEBUG, Loss = 92.815235
DEBUG, # of branches with NaN tuning: 0.
Elapsed time is 60.404625 seconds.
DEBUG, Loss = 91.799065
DEBUG, # of branches with NaN tuning: 0.
Elapsed time is 60.463656 seconds.
DEBUG, Loss = 93.042315
DEBUG, # of branches with NaN tuning: 0.
Elapsed time is 60.242652 seconds.
DEBUG, Loss = 92.133950
DEBUG, # of branches with NaN tuning: 0.
Elapsed time is 60.335242 seconds.
DEBUG, Loss = 92.181403
DEBUG, # of branches with NaN tuning: 0.
Elapsed time is 60.072737 seconds.
DEBUG, Loss = 91.193278
DEBUG, # of branches with NaN tuning: 0.
Elapsed time is 60.438994 seconds.
DEBUG, Loss = 91.432232
DEBUG, # of branches with NaN tuning: 0.
Elapsed time is 60.487204 seconds.
DEBUG, Loss = 92.943459
DEBUG, # of branches with NaN tuning: 0.
Elapsed time is 60.652174 seconds.
DEBUG, Loss = 93.504410
DEBUG, # of branches with NaN tuning: 0.
Elapsed time is 60.549417 seconds.
DEBUG, Loss = 91.334126
DEBUG, # of branches with NaN tuning: 0.
Elapsed time is 60.855394 seconds.
DEBUG, Loss = 92.439084
DEBUG, # of branches with NaN tuning: 0.
Elapsed time is 60.566551 seconds.
DEBUG, Loss = 94.661233
DEBUG, # of branches with NaN tuning: 0.
Elapsed time is 60.733317 seconds.
DEBUG, Loss = 92.216871
DEBUG, # of branches with NaN tuning: 0.
Elapsed time is 60.550019 seconds.
DEBUG, Loss = 91.484171
DEBUG, # of branches with NaN tuning: 0.
Elapsed time is 60.694906 seconds.
DEBUG, Loss = 94.157221
DEBUG, # of branches with NaN tuning: 0.
Elapsed time is 60.769159 seconds.
DEBUG, Loss = 92.067394
DEBUG, # of branches with NaN tuning: 0.
Elapsed time is 60.433269 seconds.
DEBUG, Loss = 90.968814
DEBUG, # of branches with NaN tuning: 0.
Elapsed time is 60.581198 seconds.
DEBUG, Loss = 92.292828
DEBUG, # of branches with NaN tuning: 0.
Elapsed time is 60.480571 seconds.
DEBUG, Loss = 93.782292
DEBUG, # of branches with NaN tuning: 0.
Elapsed time is 60.590951 seconds.
DEBUG, Loss = 91.112516
DEBUG, # of branches with NaN tuning: 0.
Elapsed time is 60.593257 seconds.
DEBUG, Loss = 91.707137
DEBUG, # of branches with NaN tuning: 0.
Elapsed time is 59.664689 seconds.
DEBUG, Loss = 93.128632
DEBUG, # of branches with NaN tuning: 0.
Elapsed time is 57.912702 seconds.
DEBUG, Loss = 94.650844
DEBUG, # of branches with NaN tuning: 0.
Elapsed time is 57.057200 seconds.
DEBUG, Loss = 92.245918
DEBUG, # of branches with NaN tuning: 0.
Elapsed time is 57.073442 seconds.
DEBUG, Loss = 91.192161
DEBUG, # of branches with NaN tuning: 0.
Elapsed time is 56.767854 seconds.
DEBUG, Loss = 91.964213
DEBUG, # of branches with NaN tuning: 0.
Elapsed time is 57.054197 seconds.
DEBUG, Loss = 92.205107
DEBUG, # of branches with NaN tuning: 0.
Elapsed time is 57.112664 seconds.
DEBUG, Loss = 91.382560
DEBUG, # of branches with NaN tuning: 0.
Elapsed time is 57.061687 seconds.
DEBUG, Loss = 91.669179
DEBUG, # of branches with NaN tuning: 0.
Elapsed time is 57.012610 seconds.
DEBUG, Loss = 92.179157
DEBUG, # of branches with NaN tuning: 0.
Elapsed time is 57.032868 seconds.
DEBUG, Loss = 92.415758
DEBUG, # of branches with NaN tuning: 0.
Elapsed time is 57.027996 seconds.
DEBUG, Loss = 92.650294
DEBUG, # of branches with NaN tuning: 0.
Elapsed time is 57.177402 seconds.
DEBUG, Loss = 94.044969
DEBUG, # of branches with NaN tuning: 0.
Elapsed time is 57.027101 seconds.
DEBUG, Loss = 92.683477
DEBUG, # of branches with NaN tuning: 0.
Elapsed time is 57.004804 seconds.
DEBUG, Loss = 91.965932
DEBUG, # of branches with NaN tuning: 0.
Elapsed time is 56.878937 seconds.
DEBUG, Loss = 93.012071
DEBUG, # of branches with NaN tuning: 0.
Elapsed time is 57.097212 seconds.
DEBUG, Loss = 91.779897
DEBUG, # of branches with NaN tuning: 0.
Elapsed time is 57.008414 seconds.
DEBUG, Loss = 91.780006
DEBUG, # of branches with NaN tuning: 0.
Elapsed time is 57.096593 seconds.
DEBUG, Loss = 92.527215
DEBUG, # of branches with NaN tuning: 0.
Elapsed time is 57.065271 seconds.
DEBUG, Loss = 92.222867
DEBUG, # of branches with NaN tuning: 0.
Elapsed time is 57.171552 seconds.
DEBUG, Loss = 92.162282
DEBUG, # of branches with NaN tuning: 0.
Elapsed time is 57.100275 seconds.
DEBUG, Loss = 92.473964
DEBUG, # of branches with NaN tuning: 0.
Elapsed time is 57.150426 seconds.
DEBUG, Loss = 93.920164
DEBUG, # of branches with NaN tuning: 0.
Elapsed time is 56.901704 seconds.
DEBUG, Loss = 93.081839
DEBUG, # of branches with NaN tuning: 0.
Elapsed time is 57.080542 seconds.
DEBUG, Loss = 91.416620
DEBUG, # of branches with NaN tuning: 0.
Elapsed time is 57.016921 seconds.
DEBUG, Loss = 90.683618
DEBUG, # of branches with NaN tuning: 0.
Elapsed time is 57.154738 seconds.
DEBUG, Loss = 93.052722
DEBUG, # of branches with NaN tuning: 0.
Elapsed time is 57.058244 seconds.
DEBUG, Loss = 92.781278
DEBUG, # of branches with NaN tuning: 0.
Elapsed time is 56.887816 seconds.
DEBUG, Loss = 93.752513
DEBUG, # of branches with NaN tuning: 0.
Elapsed time is 57.276513 seconds.
DEBUG, Loss = 91.964919
DEBUG, # of branches with NaN tuning: 0.
Elapsed time is 57.067032 seconds.
DEBUG, Loss = 92.905780
DEBUG, # of branches with NaN tuning: 0.
Elapsed time is 56.615836 seconds.
DEBUG, Loss = 92.671585
DEBUG, # of branches with NaN tuning: 0.
Elapsed time is 57.161679 seconds.
DEBUG, Loss = 91.555579
DEBUG, # of branches with NaN tuning: 0.
Elapsed time is 57.155282 seconds.
DEBUG, Loss = 92.342536
DEBUG, # of branches with NaN tuning: 0.
Elapsed time is 56.930234 seconds.
DEBUG, Loss = 93.394191
DEBUG, # of branches with NaN tuning: 0.
Elapsed time is 56.364573 seconds.
DEBUG, Loss = 92.747390
DEBUG, # of branches with NaN tuning: 0.
Elapsed time is 56.969073 seconds.
DEBUG, Loss = 91.396970
DEBUG, # of branches with NaN tuning: 0.
Elapsed time is 56.403689 seconds.
DEBUG, Loss = 91.498918
DEBUG, # of branches with NaN tuning: 0.
Elapsed time is 57.154633 seconds.
DEBUG, Loss = 92.032756
DEBUG, # of branches with NaN tuning: 0.
Elapsed time is 57.110579 seconds.
DEBUG, Loss = 92.432694
DEBUG, # of branches with NaN tuning: 0.
Elapsed time is 57.177858 seconds.
DEBUG, Loss = 92.443213
DEBUG, # of branches with NaN tuning: 0.
Elapsed time is 57.128389 seconds.
DEBUG, Loss = 92.459260
DEBUG, # of branches with NaN tuning: 0.
Elapsed time is 57.095150 seconds.
DEBUG, Loss = 90.543091
DEBUG, # of branches with NaN tuning: 0.
Elapsed time is 57.070629 seconds.
DEBUG, Loss = 93.616468
DEBUG, # of branches with NaN tuning: 0.
Elapsed time is 57.125848 seconds.
DEBUG, Loss = 91.385899
DEBUG, # of branches with NaN tuning: 0.
Elapsed time is 57.243688 seconds.
DEBUG, Loss = 92.059941
DEBUG, # of branches with NaN tuning: 0.
Elapsed time is 57.241573 seconds.
DEBUG, Loss = 93.715090
DEBUG, # of branches with NaN tuning: 0.
Elapsed time is 57.251222 seconds.
DEBUG, Loss = 92.400014
DEBUG, # of branches with NaN tuning: 0.
Elapsed time is 57.227199 seconds.
DEBUG, Loss = 92.542574
DEBUG, # of branches with NaN tuning: 0.
Elapsed time is 57.190109 seconds.
DEBUG, Loss = 91.403962
DEBUG, # of branches with NaN tuning: 0.
Elapsed time is 57.081045 seconds.
DEBUG, Loss = 93.569794
DEBUG, # of branches with NaN tuning: 0.
Elapsed time is 56.982599 seconds.
DEBUG, Loss = 90.651818
DEBUG, # of branches with NaN tuning: 0.
Elapsed time is 57.193885 seconds.
DEBUG, Loss = 92.634633
DEBUG, # of branches with NaN tuning: 0.
Elapsed time is 57.161623 seconds.
DEBUG, Loss = 91.800811
DEBUG, # of branches with NaN tuning: 0.
Elapsed time is 57.026455 seconds.
DEBUG, Loss = 91.271672
DEBUG, # of branches with NaN tuning: 0.
Elapsed time is 56.738103 seconds.
DEBUG, Loss = 91.652113
DEBUG, # of branches with NaN tuning: 0.
Elapsed time is 55.998097 seconds.
DEBUG, Loss = 91.493269
DEBUG, # of branches with NaN tuning: 0.
Elapsed time is 56.008020 seconds.
DEBUG, Loss = 90.599147
DEBUG, # of branches with NaN tuning: 0.
Elapsed time is 55.998631 seconds.
DEBUG, Loss = 94.572616
DEBUG, # of branches with NaN tuning: 0.
Elapsed time is 55.904116 seconds.
DEBUG, Loss = 92.443881
DEBUG, # of branches with NaN tuning: 0.
Elapsed time is 55.900441 seconds.
DEBUG, Loss = 92.226585
DEBUG, # of branches with NaN tuning: 0.
Elapsed time is 55.955607 seconds.
DEBUG, Loss = 91.705983
DEBUG, # of branches with NaN tuning: 0.
Elapsed time is 55.923286 seconds.
DEBUG, Loss = 94.434483
DEBUG, # of branches with NaN tuning: 0.
Elapsed time is 55.924488 seconds.
DEBUG, Loss = 92.648308
DEBUG, # of branches with NaN tuning: 0.
Elapsed time is 56.041352 seconds.
DEBUG, Loss = 92.656235
DEBUG, # of branches with NaN tuning: 0.
Elapsed time is 55.853031 seconds.
DEBUG, Loss = 94.695153
DEBUG, # of branches with NaN tuning: 0.
Elapsed time is 55.899567 seconds.
DEBUG, Loss = 92.236620
DEBUG, # of branches with NaN tuning: 0.
Elapsed time is 55.884510 seconds.
DEBUG, Loss = 92.832164
DEBUG, # of branches with NaN tuning: 0.
Elapsed time is 55.932122 seconds.
DEBUG, Loss = 91.081667
DEBUG, # of branches with NaN tuning: 0.
Elapsed time is 55.760467 seconds.
DEBUG, Loss = 94.068802
DEBUG, # of branches with NaN tuning: 0.
Elapsed time is 55.862890 seconds.
DEBUG, Loss = 92.673832
DEBUG, # of branches with NaN tuning: 0.
Elapsed time is 55.812736 seconds.
DEBUG, Loss = 93.085874
DEBUG, # of branches with NaN tuning: 0.
Elapsed time is 55.900425 seconds.
DEBUG, Loss = 92.142566
DEBUG, # of branches with NaN tuning: 0.
Elapsed time is 55.840437 seconds.
DEBUG, Loss = 91.814220
DEBUG, # of branches with NaN tuning: 0.
Elapsed time is 55.856184 seconds.
DEBUG, Loss = 91.805912
DEBUG, # of branches with NaN tuning: 0.
Elapsed time is 55.763323 seconds.
DEBUG, Loss = 92.807574
DEBUG, # of branches with NaN tuning: 0.
Elapsed time is 56.086652 seconds.
DEBUG, Loss = 93.231428
DEBUG, # of branches with NaN tuning: 0.
Elapsed time is 55.789883 seconds.
DEBUG, Loss = 91.041417
DEBUG, # of branches with NaN tuning: 0.
Elapsed time is 55.776469 seconds.
DEBUG, Loss = 91.445194
DEBUG, # of branches with NaN tuning: 0.
Elapsed time is 55.783683 seconds.
DEBUG, Loss = 91.138651
DEBUG, # of branches with NaN tuning: 0.
Elapsed time is 55.857692 seconds.
DEBUG, Loss = 93.599102
DEBUG, # of branches with NaN tuning: 0.
Elapsed time is 55.695291 seconds.
DEBUG, Loss = 92.934175
DEBUG, # of branches with NaN tuning: 0.
Elapsed time is 55.737476 seconds.
DEBUG, Loss = 90.692484
DEBUG, # of branches with NaN tuning: 0.
Elapsed time is 55.682016 seconds.
DEBUG, Loss = 91.350754
DEBUG, # of branches with NaN tuning: 0.
Elapsed time is 55.715545 seconds.
DEBUG, Loss = 90.392507
DEBUG, # of branches with NaN tuning: 0.
Elapsed time is 55.787904 seconds.
DEBUG, Loss = 93.332215
DEBUG, # of branches with NaN tuning: 0.
Elapsed time is 55.841610 seconds.
DEBUG, Loss = 93.312543
DEBUG, # of branches with NaN tuning: 0.
Elapsed time is 55.777926 seconds.
DEBUG, Loss = 91.553063
DEBUG, # of branches with NaN tuning: 0.
Elapsed time is 55.895073 seconds.
DEBUG, Loss = 92.290802
DEBUG, # of branches with NaN tuning: 0.
Elapsed time is 55.752386 seconds.
DEBUG, Loss = 94.044111
DEBUG, # of branches with NaN tuning: 0.
Elapsed time is 55.878985 seconds.
DEBUG, Loss = 92.082073
DEBUG, # of branches with NaN tuning: 0.
Elapsed time is 55.802837 seconds.
DEBUG, Loss = 93.320941
DEBUG, # of branches with NaN tuning: 0.
Elapsed time is 55.873710 seconds.
DEBUG, Loss = 91.723229
DEBUG, # of branches with NaN tuning: 0.
Elapsed time is 53.629040 seconds.
DEBUG, Loss = 91.769015
DEBUG, # of branches with NaN tuning: 0.
Elapsed time is 51.328311 seconds.
DEBUG, Loss = 92.113133
DEBUG, # of branches with NaN tuning: 0.
Elapsed time is 51.142444 seconds.
DEBUG, Loss = 92.318708
DEBUG, # of branches with NaN tuning: 0.
